<?xml version="1.0" encoding="UTF-8"?>
<!-- Generated by org.testng.reporters.JUnitReportReporter -->
<testsuite hostname="IN5CD2137000" failures="0" tests="1" name="api_test.GetApi" time="3.210" errors="0" timestamp="2022-12-20T17:17:31 IST" skipped="0">
  <testcase classname="api_test.GetApi" name="getApi" time="3.210"/>
  <system-out/>
</testsuite> <!-- api_test.GetApi -->
