<?xml version="1.0" encoding="UTF-8"?>
<!-- Generated by org.testng.reporters.JUnitReportReporter -->
<testsuite hostname="IN5CD2137000" failures="0" tests="1" name="api_test.PostApi" time="2.425" errors="0" timestamp="2022-12-20T17:17:31 IST" skipped="0">
  <testcase classname="api_test.PostApi" name="postApi" time="2.425"/>
  <system-out/>
</testsuite> <!-- api_test.PostApi -->
