<?xml version="1.0" encoding="UTF-8"?>
<!-- Generated by org.testng.reporters.JUnitReportReporter -->
<testsuite hostname="IN5CD2137000" failures="0" tests="1" name="api_test.PutApi" time="1.097" errors="0" timestamp="2022-12-20T17:14:05 IST" skipped="0">
  <testcase classname="api_test.PutApi" name="putApi" time="1.097"/>
  <system-out/>
</testsuite> <!-- api_test.PutApi -->
